Arguments: 
  C:\Program Files\nodejs\node.exe C:\Users\Rastaarc\AppData\Roaming\npm\node_modules\yarn\bin\yarn.js

PATH: 
  C:\Users\Rastaarc\bin;C:\Program Files\Git\mingw64\bin;C:\Program Files\Git\usr\local\bin;C:\Program Files\Git\usr\bin;C:\Program Files\Git\usr\bin;C:\Program Files\Git\mingw64\bin;C:\Program Files\Git\usr\bin;C:\Users\Rastaarc\bin;C:\Users\Rastaarc\gcc\bin;C:\Users\Rastaarc\gcc\libexec\gcc\x86_64-w64-mingw32\11.2.0;C:\Program Files (x86)\Common Files\Intel\Shared Libraries\redist\intel64\compiler;C:\Program Files\Common Files\Oracle\Java\javapath;C:\Program Files\Python310\Scripts;C:\Program Files\Python310;C:\Python27\Scripts;C:\Python27;C:\WINDOWS\system32;C:\WINDOWS;C:\WINDOWS\System32\Wbem;C:\WINDOWS\System32\WindowsPowerShell\v1.0;C:\WINDOWS\System32\OpenSSH;C:\Program Files\Git\cmd;C:\Program Files\MiKTeX\miktex\bin\x64;C:\Program Files\MATLAB\MATLAB Production Server\R2015a\runtime\win64;C:\Program Files\MATLAB\MATLAB Production Server\R2015a\bin;C:\Program Files\MATLAB\MATLAB Production Server\R2015a\polyspace\bin;%NVM_HOME%;%NVM_SYMLINK%;C:\Program Files\PuTTY;C:\Program Files\Docker\Docker\resources\bin;C:\ProgramData\DockerDesktop\version-bin;C:\Program Files\dotnet;C:\Program Files\nodejs;C:\Python27;C:\Users\Rastaarc\AppData\Local\Microsoft\WindowsApps;C:\Program Files\mongosh;C:\Users\Rastaarc\AppData\Local\Programs\Microsoft VS Code\bin;C:\Program Files\JetBrains\WebStorm 2020.1\bin;C:\Users\Rastaarc\AppData\Roaming\nvm;C:\Program Files\nodejs;C:\Users\Rastaarc\AppData\Roaming\npm;C:\Program Files\Git\usr\bin\vendor_perl;C:\Program Files\Git\usr\bin\core_perl

Yarn version: 
  1.22.19

Node version: 
  16.18.0

Platform: 
  win32 x64

Trace: 
  Error: getaddrinfo EAI_AGAIN registry.yarnpkg.com
      at GetAddrInfoReqWrap.onlookup [as oncomplete] (node:dns:109:26)

npm manifest: 
  {
    "name": "demo-parse-server-migration",
    "version": "1.1.0",
    "main": "dist/index.js",
    "private": true,
    "dependencies": {
      "@codemirror/language": "^0.20.0",
      "@moralisweb3/common-core": "^2.9.0",
      "@moralisweb3/parse-server": "2.9.0",
      "@types/node": "^18.11.11",
      "dotenv": "^16.0.1",
      "envalid": "7.3.1",
      "express": "^4.18.1",
      "express-rate-limit": "^6.5.1",
      "graphql": "^16.6.0",
      "graphql-ws": "^5.10.1",
      "moralis": "^2.9.0",
      "ngrok": "^4.3.3",
      "parse-server": "^5.2.7"
    },
    "devDependencies": {
      "@moralisweb3/eslint-config": "^1.0.1",
      "@typescript-eslint/eslint-plugin": "^5.45.1",
      "@typescript-eslint/parser": "^5.45.1",
      "axios": "^1.2.1",
      "eslint": "^8.29.0",
      "eslint-plugin-etc": "^2.0.2",
      "eslint-plugin-import": "^2.26.0",
      "mongodb-runner": "^4.9.0",
      "prettier": "^2.8.0",
      "ts-node": "^10.9.1",
      "typescript": "^4.9.3"
    },
    "scripts": {
      "dev": "ts-node src/index.ts",
      "start": "node build/index.js",
      "build": "tsc",
      "lint": "eslint --ext .js,.ts .",
      "format": "prettier --write 'src/**/*.{js,ts}'",
      "dev:db-start": "mongodb-runner start",
      "dev:db-stop": "mongodb-runner stop",
      "gen:cloud": "ts-node ./scripts/generateCloudCode.ts",
      "tsc": "tsc"
    }
  }

yarn manifest: 
  No manifest

Lockfile: 
  No lockfile
